<?xml version="1.0" encoding="UTF-8"?>
<!-- Generated by org.testng.reporters.JUnitXMLReporter -->
<testsuite ignored="29" hostname="Ala_Vamsi" failures="1" tests="1" name="Default test" time="95.242" errors="0" timestamp="2024-06-05T22:11:35 IST">
  <testcase classname="com.admin.FunctionalAdminPage" name="validate_admin_page_workday_writeback_for_motion_user" time="50.044">
    <failure type="java.lang.AssertionError" message="expected [motion2@email.com] but found [--]">
      <![CDATA[java.lang.AssertionError: expected [motion2@email.com] but found [--]
at org.testng.Assert.fail(Assert.java:99)
at org.testng.Assert.failNotEquals(Assert.java:1037)
at org.testng.Assert.assertEqualsImpl(Assert.java:140)
at org.testng.Assert.assertEquals(Assert.java:122)
at org.testng.Assert.assertEquals(Assert.java:629)
at org.testng.Assert.assertEquals(Assert.java:639)
at com.admin.AdminPage.validate_upn_under_workday(AdminPage.java:2847)
at com.admin.FunctionalAdminPage.validate_admin_page_workday_writeback_for_motion_user(FunctionalAdminPage.java:797)
at java.base/jdk.internal.reflect.NativeMethodAccessorImpl.invoke0(Native Method)
at java.base/jdk.internal.reflect.NativeMethodAccessorImpl.invoke(NativeMethodAccessorImpl.java:77)
at java.base/jdk.internal.reflect.DelegatingMethodAccessorImpl.invoke(DelegatingMethodAccessorImpl.java:43)
at java.base/java.lang.reflect.Method.invoke(Method.java:568)
at org.testng.internal.MethodInvocationHelper.invokeMethod(MethodInvocationHelper.java:132)
at org.testng.internal.TestInvoker.invokeMethod(TestInvoker.java:599)
at org.testng.internal.TestInvoker.invokeTestMethod(TestInvoker.java:174)
at org.testng.internal.MethodRunner.runInSequence(MethodRunner.java:46)
at org.testng.internal.TestInvoker$MethodInvocationAgent.invoke(TestInvoker.java:822)
at org.testng.internal.TestInvoker.invokeTestMethods(TestInvoker.java:147)
at org.testng.internal.TestMethodWorker.invokeTestMethods(TestMethodWorker.java:146)
at org.testng.internal.TestMethodWorker.run(TestMethodWorker.java:128)
at java.base/java.util.ArrayList.forEach(ArrayList.java:1511)
at org.testng.TestRunner.privateRun(TestRunner.java:764)
at org.testng.TestRunner.run(TestRunner.java:585)
at org.testng.SuiteRunner.runTest(SuiteRunner.java:384)
at org.testng.SuiteRunner.runSequentially(SuiteRunner.java:378)
at org.testng.SuiteRunner.privateRun(SuiteRunner.java:337)
at org.testng.SuiteRunner.run(SuiteRunner.java:286)
at org.testng.SuiteRunnerWorker.runSuite(SuiteRunnerWorker.java:53)
at org.testng.SuiteRunnerWorker.run(SuiteRunnerWorker.java:96)
at org.testng.TestNG.runSuitesSequentially(TestNG.java:1218)
at org.testng.TestNG.runSuitesLocally(TestNG.java:1140)
at org.testng.TestNG.runSuites(TestNG.java:1069)
at org.testng.TestNG.run(TestNG.java:1037)
at org.testng.remote.AbstractRemoteTestNG.run(AbstractRemoteTestNG.java:115)
at org.testng.remote.RemoteTestNG.initAndRun(RemoteTestNG.java:293)
at org.testng.remote.RemoteTestNG.main(RemoteTestNG.java:91)
]]>
    </failure>
  </testcase> <!-- validate_admin_page_workday_writeback_for_motion_user -->
  <testcase classname="com.admin.FunctionalAdminPage" name="validate_admin_page_identity_list_user_details_data" time="0.0">
    <ignored/>
  </testcase> <!-- validate_admin_page_identity_list_user_details_data -->
  <testcase classname="com.admin.FunctionalAdminPage" name="validate_admin_page_profile_management_employee_contractor_with_2_existing_user_having_same_name" time="0.0">
    <ignored/>
  </testcase> <!-- validate_admin_page_profile_management_employee_contractor_with_2_existing_user_having_same_name -->
  <testcase classname="com.admin.FunctionalAdminPage" name="validate_admin_page_identity_list_page" time="0.0">
    <ignored/>
  </testcase> <!-- validate_admin_page_identity_list_page -->
  <testcase classname="com.admin.FunctionalAdminPage" name="validate_admin_page_columns_header_names" time="0.0">
    <ignored/>
  </testcase> <!-- validate_admin_page_columns_header_names -->
  <testcase classname="com.admin.FunctionalAdminPage" name="validate_admin_page_leaver_urgent_termination" time="0.0">
    <ignored/>
  </testcase> <!-- validate_admin_page_leaver_urgent_termination -->
  <testcase classname="com.admin.FunctionalAdminPage" name="validate_admin_page_new_hire_with_same_name" time="0.0">
    <ignored/>
  </testcase> <!-- validate_admin_page_new_hire_with_same_name -->
  <testcase classname="com.admin.FunctionalAdminPage" name="validate_admin_page_leaver_last_day_of_work_within_90_days" time="0.0">
    <ignored/>
  </testcase> <!-- validate_admin_page_leaver_last_day_of_work_within_90_days -->
  <testcase classname="com.admin.FunctionalAdminPage" name="validate_admin_page_leaver_last_day_of_work_more_than_90_days" time="0.0">
    <ignored/>
  </testcase> <!-- validate_admin_page_leaver_last_day_of_work_more_than_90_days -->
  <testcase classname="com.admin.FunctionalAdminPage" name="validate_admin_page_rehire_start_in_past" time="0.0">
    <ignored/>
  </testcase> <!-- validate_admin_page_rehire_start_in_past -->
  <testcase classname="com.admin.FunctionalAdminPage" name="validate_admin_page_rehire_started_after_90_days_in_past" time="0.0">
    <ignored/>
  </testcase> <!-- validate_admin_page_rehire_started_after_90_days_in_past -->
  <testcase classname="com.admin.FunctionalAdminPage" name="validate_admin_page_new_hire_started_in_past" time="0.0">
    <ignored/>
  </testcase> <!-- validate_admin_page_new_hire_started_in_past -->
  <testcase classname="com.admin.FunctionalAdminPage" name="validate_admin_page_search_identity_of_user_one" time="0.0">
    <ignored/>
  </testcase> <!-- validate_admin_page_search_identity_of_user_one -->
  <testcase classname="com.admin.FunctionalAdminPage" name="validate_admin_page_hire_date_is_within_14_days" time="0.0">
    <ignored/>
  </testcase> <!-- validate_admin_page_hire_date_is_within_14_days -->
  <testcase classname="com.admin.FunctionalAdminPage" name="validate_admin_page_rehire_start_in_14_days_or_less" time="0.0">
    <ignored/>
  </testcase> <!-- validate_admin_page_rehire_start_in_14_days_or_less -->
  <testcase classname="com.admin.FunctionalAdminPage" name="validate_admin_page_hire_date_is_more_than_14_days_in_future" time="0.0">
    <ignored/>
  </testcase> <!-- validate_admin_page_hire_date_is_more_than_14_days_in_future -->
  <testcase classname="com.admin.FunctionalAdminPage" name="validate_admin_page_user_lifecycle_state" time="0.0">
    <ignored/>
  </testcase> <!-- validate_admin_page_user_lifecycle_state -->
  <testcase classname="com.admin.FunctionalAdminPage" name="validate_admin_page_identity_list_user_page_menu_buttons" time="0.0">
    <ignored/>
  </testcase> <!-- validate_admin_page_identity_list_user_page_menu_buttons -->
  <testcase classname="com.admin.FunctionalAdminPage" name="validate_admin_page_identity_list_workday_data" time="0.0">
    <ignored/>
  </testcase> <!-- validate_admin_page_identity_list_workday_data -->
  <testcase classname="com.admin.FunctionalAdminPage" name="validate_admin_page_identity_list_toggle_btn" time="0.0">
    <ignored/>
  </testcase> <!-- validate_admin_page_identity_list_toggle_btn -->
  <testcase classname="com.admin.FunctionalAdminPage" name="validate_admin_page_global_username_to_userid" time="0.0">
    <ignored/>
  </testcase> <!-- validate_admin_page_global_username_to_userid -->
  <testcase classname="com.admin.FunctionalAdminPage" name="validate_admin_page_identity_list_active_directory_data" time="0.0">
    <ignored/>
  </testcase> <!-- validate_admin_page_identity_list_active_directory_data -->
  <testcase classname="com.admin.FunctionalAdminPage" name="validate_admin_page_start_date_changed_from_within_14_days_to_today" time="0.0">
    <ignored/>
  </testcase> <!-- validate_admin_page_start_date_changed_from_within_14_days_to_today -->
  <testcase classname="com.admin.FunctionalAdminPage" name="validate_admin_page_user_details_data_to_workday_data" time="0.0">
    <ignored/>
  </testcase> <!-- validate_admin_page_user_details_data_to_workday_data -->
  <testcase classname="com.admin.FunctionalAdminPage" name="validate_admin_page_profile_management_employee_contractor_with_same_name_from_different_BU" time="0.0">
    <ignored/>
  </testcase> <!-- validate_admin_page_profile_management_employee_contractor_with_same_name_from_different_BU -->
  <testcase classname="com.admin.FunctionalAdminPage" name="validate_admin_page_active_directory_data_to_workday_data" time="0.0">
    <ignored/>
  </testcase> <!-- validate_admin_page_active_directory_data_to_workday_data -->
  <testcase classname="com.admin.FunctionalAdminPage" name="validate_admin_page_identities_menu" time="0.0">
    <ignored/>
  </testcase> <!-- validate_admin_page_identities_menu -->
  <testcase classname="com.admin.FunctionalAdminPage" name="validate_admin_menu_btn" time="0.0">
    <ignored/>
  </testcase> <!-- validate_admin_menu_btn -->
  <testcase classname="com.admin.FunctionalAdminPage" name="validate_admin_page_workday_writeback_of_email_upn" time="0.0">
    <ignored/>
  </testcase> <!-- validate_admin_page_workday_writeback_of_email_upn -->
  <testcase classname="com.admin.FunctionalAdminPage" name="validate_admin_page_leaver_last_day_of_work_today" time="0.0">
    <ignored/>
  </testcase> <!-- validate_admin_page_leaver_last_day_of_work_today -->
</testsuite> <!-- Default test -->
